"C:\Program Files\JetBrains\CLion 2022.2.4\bin\cmake\win\bin\cmake.exe" -DCMAKE_BUILD_TYPE=Debug "-DCMAKE_MAKE_PROGRAM=C:/Program Files/JetBrains/CLion 2022.2.4/bin/ninja/win/ninja.exe" -G Ninja -S "D:\E5. CGGD\CGGDtmp" -B "D:\E5. CGGD\CGGDtmp\cmake-build-debug-visual-studio"
-- The C compiler identification is MSVC 19.35.32216.1
-- The CXX compiler identification is MSVC 19.35.32216.1
-- Detecting C compiler ABI info
-- Detecting C compiler ABI info - failed
-- Check for working C compiler: C:/Program Files (x86)/Microsoft Visual Studio/2022/BuildTools/VC/Tools/MSVC/14.35.32215/bin/Hostx86/x86/cl.exe
-- Check for working C compiler: C:/Program Files (x86)/Microsoft Visual Studio/2022/BuildTools/VC/Tools/MSVC/14.35.32215/bin/Hostx86/x86/cl.exe - broken
CMake Error at C:/Program Files/JetBrains/CLion 2022.2.4/bin/cmake/win/share/cmake-3.23/Modules/CMakeTestCCompiler.cmake:69 (message):
  The C compiler

    "C:/Program Files (x86)/Microsoft Visual Studio/2022/BuildTools/VC/Tools/MSVC/14.35.32215/bin/Hostx86/x86/cl.exe"

  is not able to compile a simple test program.

  It fails with the following output:

    Change Dir: D:/E5. CGGD/CGGDtmp/cmake-build-debug-visual-studio/CMakeFiles/CMakeTmp
    
    Run Build Command(s):C:/Program Files/JetBrains/CLion 2022.2.4/bin/ninja/win/ninja.exe cmTC_34663 && [1/2] Building C object CMakeFiles\cmTC_34663.dir\testCCompiler.c.obj
    [2/2] Linking C executable cmTC_34663.exe
    FAILED: cmTC_34663.exe 
    cmd.exe /C "cd . && "C:\Program Files\JetBrains\CLion 2022.2.4\bin\cmake\win\bin\cmake.exe" -E vs_link_exe --intdir=CMakeFiles\cmTC_34663.dir --rc=C:\PROGRA~2\WI3CF2~1\10\bin\100226~1.0\x86\rc.exe --mt=C:\PROGRA~2\WI3CF2~1\10\bin\100226~1.0\x86\mt.exe --manifests  -- C:\PROGRA~2\MICROS~2\2022\BUILDT~1\VC\Tools\MSVC\1435~1.322\bin\Hostx86\x86\link.exe /nologo CMakeFiles\cmTC_34663.dir\testCCompiler.c.obj  /out:cmTC_34663.exe /implib:cmTC_34663.lib /pdb:cmTC_34663.pdb /version:0.0 /machine:X86  /debug /INCREMENTAL /subsystem:console  kernel32.lib user32.lib gdi32.lib winspool.lib shell32.lib ole32.lib oleaut32.lib uuid.lib comdlg32.lib advapi32.lib && cd ."
    LINK Pass 1: command "C:\PROGRA~2\MICROS~2\2022\BUILDT~1\VC\Tools\MSVC\1435~1.322\bin\Hostx86\x86\link.exe /nologo CMakeFiles\cmTC_34663.dir\testCCompiler.c.obj /out:cmTC_34663.exe /implib:cmTC_34663.lib /pdb:cmTC_34663.pdb /version:0.0 /machine:X86 /debug /INCREMENTAL /subsystem:console kernel32.lib user32.lib gdi32.lib winspool.lib shell32.lib ole32.lib oleaut32.lib uuid.lib comdlg32.lib advapi32.lib /MANIFEST /MANIFESTFILE:CMakeFiles\cmTC_34663.dir/intermediate.manifest CMakeFiles\cmTC_34663.dir/manifest.res" failed (exit code 1120) with the following output:
    MSVCRTD.lib(utility_app.obj) : error LNK2019: unresolved external symbol __imp__RoInitialize@4 referenced in function ___scrt_initialize_winrt
    cmTC_34663.exe : fatal error LNK1120: 1 unresolved externals
    ninja: build stopped: subcommand failed.
    
    

  

  CMake will not be able to correctly generate this project.
Call Stack (most recent call first):
  CMakeLists.txt:6 (project)


-- Configuring incomplete, errors occurred!
See also "D:/E5. CGGD/CGGDtmp/cmake-build-debug-visual-studio/CMakeFiles/CMakeOutput.log".
See also "D:/E5. CGGD/CGGDtmp/cmake-build-debug-visual-studio/CMakeFiles/CMakeError.log".
